
> trading-vercel-ui@0.1.0 dev
> next dev

   ▲ Next.js 15.5.12
   - Local:        http://localhost:3000
   - Network:      http://192.168.1.165:3000

 ✓ Starting...
 ✓ Ready in 1745ms
 ○ Compiling / ...
 ✓ Compiled / in 916ms (602 modules)
 GET / 200 in 1266ms
 ○ Compiling /api/futures/candles ...
 ✓ Compiled /api/futures/candles in 524ms (624 modules)
 GET /api/futures/candles?symbol=ES&timeframe=1m&count=4 200 in 660ms
 GET /api/futures/candles?symbol=ES&timeframe=5m&count=4 200 in 635ms
 GET /api/futures/candles?symbol=ES&timeframe=15m&count=260 200 in 665ms
 GET /api/futures/candles?symbol=NQ&timeframe=15m&count=260 200 in 665ms
 GET /api/futures/candles?symbol=RTY&timeframe=15m&count=260 200 in 665ms
 GET /api/futures/candles?symbol=ES&timeframe=15m&count=500 200 in 671ms
 GET /api/futures/candles?symbol=ES&timeframe=15m&count=4 200 in 13ms
 GET /api/futures/candles?symbol=ES&timeframe=1H&count=4 200 in 29ms
 GET /api/futures/candles?symbol=ES&timeframe=4H&count=4 200 in 29ms
 GET /api/futures/candles?symbol=ES&timeframe=1D&count=4 200 in 29ms
 GET /api/futures/candles?symbol=ES&timeframe=1W&count=4 200 in 29ms
 GET /api/futures/candles?symbol=YM&timeframe=15m&count=260 200 in 36ms
 GET /api/futures/candles?symbol=CL&timeframe=15m&count=260 200 in 33ms
 GET /api/futures/candles?symbol=NG&timeframe=15m&count=260 200 in 20ms
 ✓ Compiled /api/futures/live in 207ms (630 modules)
 GET /api/futures/candles?symbol=MGC&timeframe=15m&count=260 200 in 259ms
 GET /api/futures/candles?symbol=HG&timeframe=15m&count=260 200 in 268ms
 GET /api/futures/candles?symbol=SI&timeframe=15m&count=260 200 in 269ms
 GET /api/futures/live?symbol=ES 200 in 293ms
 GET /api/futures/candles?symbol=ZN&timeframe=15m&count=260 200 in 13ms
 ✓ Compiled /api/futures/last in 248ms (632 modules)
 GET /api/futures/candles?symbol=6J&timeframe=15m&count=260 200 in 285ms
 GET /api/futures/candles?symbol=6E&timeframe=15m&count=260 200 in 285ms
 GET /api/futures/last?symbol=ES 200 in 293ms
 GET /api/futures/candles?symbol=6A&timeframe=15m&count=260 200 in 16ms
 ✓ Compiled /icon.svg in 82ms (391 modules)
 GET /icon.svg 200 in 109ms
 GET /api/futures/last?symbol=ES 200 in 44ms
 GET /api/futures/last?symbol=ES 200 in 9ms
 GET /api/futures/last?symbol=ES 200 in 8ms
 GET /api/futures/last?symbol=ES 200 in 8ms
 GET /api/futures/last?symbol=ES 200 in 8ms
 GET /api/futures/last?symbol=ES 200 in 8ms
 GET /api/futures/last?symbol=ES 200 in 8ms
 GET /api/futures/last?symbol=ES 200 in 9ms
 ✓ Compiled in 128ms (391 modules)
 GET /api/futures/last?symbol=ES 200 in 28ms
 GET / 200 in 201ms
 GET /api/futures/last?symbol=ES 200 in 8ms
 GET /api/futures/candles?symbol=ES&timeframe=15m&count=500 200 in 17ms
 GET /api/futures/candles?symbol=ES&timeframe=1m&count=4 200 in 28ms
 GET /api/futures/candles?symbol=ES&timeframe=15m&count=260 200 in 30ms
 GET /api/futures/candles?symbol=NQ&timeframe=15m&count=260 200 in 31ms
 GET /api/futures/candles?symbol=RTY&timeframe=15m&count=260 200 in 30ms
 GET /api/futures/candles?symbol=ES&timeframe=5m&count=4 200 in 10ms
 GET /api/futures/candles?symbol=ES&timeframe=15m&count=4 200 in 28ms
 GET /api/futures/candles?symbol=ES&timeframe=1H&count=4 200 in 29ms
 GET /api/futures/candles?symbol=ES&timeframe=4H&count=4 200 in 29ms
 GET /api/futures/candles?symbol=ES&timeframe=1D&count=4 200 in 29ms
 GET /api/futures/candles?symbol=ES&timeframe=1W&count=4 200 in 29ms
 GET /api/futures/candles?symbol=YM&timeframe=15m&count=260 200 in 13ms
 GET /api/futures/candles?symbol=CL&timeframe=15m&count=260 200 in 24ms
 GET /api/futures/candles?symbol=NG&timeframe=15m&count=260 200 in 23ms
 GET /api/futures/live?symbol=ES 200 in 39ms
 GET /api/futures/last?symbol=ES 200 in 12ms
 GET /api/futures/candles?symbol=MGC&timeframe=15m&count=260 200 in 19ms
 GET /api/futures/candles?symbol=SI&timeframe=15m&count=260 200 in 19ms
 GET /api/futures/candles?symbol=HG&timeframe=15m&count=260 200 in 20ms
 GET /api/futures/candles?symbol=ZN&timeframe=15m&count=260 200 in 9ms
 GET /api/futures/candles?symbol=6E&timeframe=15m&count=260 200 in 18ms
 GET /api/futures/candles?symbol=6J&timeframe=15m&count=260 200 in 18ms
 GET /api/futures/candles?symbol=6A&timeframe=15m&count=260 200 in 7ms
 GET /icon.svg 200 in 8ms
 GET /api/futures/last?symbol=ES 200 in 8ms
 GET /api/futures/last?symbol=ES 200 in 7ms
 GET /api/futures/last?symbol=ES 200 in 9ms
 GET /api/futures/last?symbol=ES 200 in 7ms
 GET /api/futures/last?symbol=ES 200 in 7ms
 GET /api/futures/last?symbol=ES 200 in 8ms
 GET /api/futures/last?symbol=ES 200 in 8ms
 GET /api/futures/last?symbol=ES 200 in 7ms
 GET /api/futures/last?symbol=ES 200 in 9ms
